<?xml version="1.0" encoding="UTF-8"?>
<!-- Generated by org.testng.reporters.JUnitReportReporter -->
<testsuite hostname="DESKTOP-GUNP9G1" failures="0" tests="1" name="CloudScale.AppTest" time="0.028" errors="0" timestamp="2022-04-08T17:16:07 IST" skipped="0">
  <testcase classname="CloudScale.AppTest" name="shouldAnswerWithTrue" time="0.028"/>
  <system-out/>
</testsuite> <!-- CloudScale.AppTest -->
