<?xml version="1.0" encoding="UTF-8"?>
<!-- Generated by org.testng.reporters.JUnitReportReporter -->
<testsuite hostname="DESKTOP-GUNP9G1" failures="0" tests="1" name="CloudScale.HomePageTest" time="4.761" errors="0" timestamp="2022-04-07T10:48:45 IST" skipped="0">
  <testcase classname="CloudScale.HomePageTest" name="basePageNavigation" time="4.761"/>
  <system-out/>
</testsuite> <!-- CloudScale.HomePageTest -->
