<?xml version="1.0" encoding="UTF-8"?>
<!-- Generated by org.testng.reporters.JUnitReportReporter -->
<testsuite hostname="DESKTOP-GUNP9G1" failures="0" tests="1" name="CloudScale.secoundTest" time="49.875" errors="0" timestamp="2022-04-08T17:16:06 IST" skipped="0">
  <testcase classname="CloudScale.secoundTest" name="addToCart" time="49.875"/>
  <system-out/>
</testsuite> <!-- CloudScale.secoundTest -->
