<?xml version="1.0" encoding="UTF-8"?>
<!-- Generated by org.testng.reporters.JUnitReportReporter -->
<testsuite hostname="DESKTOP-GUNP9G1" failures="0" tests="6" name="CloudScale.HomePageTest" time="53.201" errors="0" timestamp="2022-04-11T06:55:05 IST" skipped="0">
  <testcase classname="CloudScale.HomePageTest" name="quantityTo10" time="13.587"/>
  <system-out/>
  <testcase classname="CloudScale.HomePageTest" name="deleteCart" time="0.578"/>
  <system-out/>
  <testcase classname="CloudScale.HomePageTest" name="addToCart" time="27.956"/>
  <system-out/>
  <testcase classname="CloudScale.HomePageTest" name="searchItem" time="2.710"/>
  <system-out/>
  <testcase classname="CloudScale.HomePageTest" name="searchItem" time="6.115"/>
  <system-out/>
  <testcase classname="CloudScale.HomePageTest" name="searchItem" time="2.255"/>
  <system-out/>
</testsuite> <!-- CloudScale.HomePageTest -->
