<?xml version="1.0" encoding="UTF-8"?>
<!-- Generated by org.testng.reporters.JUnitReportReporter -->
<testsuite hostname="DESKTOP-GUNP9G1" failures="0" tests="1" name="CloudScale.HomePage" time="18.844" errors="0" timestamp="2022-04-07T09:07:52 IST" skipped="0">
  <testcase classname="CloudScale.HomePage" name="basePageNavigation" time="18.844"/>
  <system-out/>
</testsuite> <!-- CloudScale.HomePage -->
