<?xml version="1.0" encoding="UTF-8"?>
<!-- Generated by org.testng.reporters.JUnitReportReporter -->
<testsuite hostname="DESKTOP-GUNP9G1" failures="0" tests="4" name="CloudScale.HomePageTest" time="32.832" errors="0" timestamp="2022-04-11T06:27:47 IST" skipped="0">
  <testcase classname="CloudScale.HomePageTest" name="addToCart" time="23.827"/>
  <system-out/>
  <testcase classname="CloudScale.HomePageTest" name="quantityTo10" time="3.885"/>
  <system-out/>
  <testcase classname="CloudScale.HomePageTest" name="deleteCart" time="0.609"/>
  <system-out/>
  <testcase classname="CloudScale.HomePageTest" name="searchItem" time="4.511"/>
  <system-out/>
</testsuite> <!-- CloudScale.HomePageTest -->
