<?xml version="1.0" encoding="UTF-8"?>
<!-- Generated by org.testng.reporters.JUnitReportReporter -->
<testsuite hostname="DESKTOP-GUNP9G1" failures="0" tests="1" name="CloudScale.secoundTest" time="8.334" errors="0" timestamp="2022-04-07T10:34:27 IST" skipped="0">
  <testcase classname="CloudScale.secoundTest" name="addToCart" time="8.334"/>
  <system-out/>
</testsuite> <!-- CloudScale.secoundTest -->
